<?xml version="1.0" encoding="UTF-8"?>
<!-- Generated by org.testng.reporters.JUnitXMLReporter -->
<testsuite ignored="0" hostname="LAPTOP-9AFG13RK" failures="0" tests="2" name="chromeTest" time="181.12" errors="0" timestamp="2026-09-12T15:54:17 IST">
  <testcase classname="Orange_HRM.Login" name="@BeforeMethod driver_initialization" time="180.995">
    <failure type="org.openqa.selenium.SessionNotCreatedException" message="Could not start a new session. Possible causes are invalid address of the remote server or browser start-up failure. null 
Host info: host: &amp;apos;LAPTOP-9AFG13RK&amp;apos;, ip: &amp;apos;192.168.29.4&amp;apos;">
      <![CDATA[org.openqa.selenium.SessionNotCreatedException: Could not start a new session. Possible causes are invalid address of the remote server or browser start-up failure. null 
Host info: host: 'LAPTOP-9AFG13RK', ip: '192.168.29.4'
at org.openqa.selenium.remote.RemoteWebDriver.execute(RemoteWebDriver.java:625)
at org.openqa.selenium.remote.RemoteWebDriver.startSession(RemoteWebDriver.java:288)
at org.openqa.selenium.remote.RemoteWebDriver.<init>(RemoteWebDriver.java:211)
at org.openqa.selenium.remote.RemoteWebDriver.<init>(RemoteWebDriver.java:171)
at org.openqa.selenium.remote.RemoteWebDriver.<init>(RemoteWebDriver.java:167)
at Orange_HRM.Login.driver_initialization(Login.java:48)
at java.base/java.util.ArrayList.forEach(ArrayList.java:1596)
Caused by: org.openqa.selenium.TimeoutException: java.util.concurrent.TimeoutException
Build info: version: '4.41.0', revision: '9fc754f'
System info: os.name: 'Windows 11', os.arch: 'amd64', os.version: '10.0', java.version: '21.0.7'
Driver info: driver.version: RemoteWebDriver
at org.openqa.selenium.remote.http.jdk.JdkHttpClient.execute(JdkHttpClient.java:429)
at org.openqa.selenium.remote.tracing.TracedHttpClient.execute(TracedHttpClient.java:54)
at org.openqa.selenium.remote.ProtocolHandshake.createSession(ProtocolHandshake.java:89)
at org.openqa.selenium.remote.ProtocolHandshake.createSession(ProtocolHandshake.java:75)
at org.openqa.selenium.remote.ProtocolHandshake.createSession(ProtocolHandshake.java:61)
at org.openqa.selenium.remote.HttpCommandExecutor.execute(HttpCommandExecutor.java:195)
at org.openqa.selenium.remote.TracedCommandExecutor.execute(TracedCommandExecutor.java:53)
at org.openqa.selenium.remote.RemoteWebDriver.execute(RemoteWebDriver.java:604)
... 35 more
Caused by: java.util.concurrent.TimeoutException
at java.base/java.util.concurrent.CompletableFuture$Timeout.run(CompletableFuture.java:2920)
at java.base/java.util.concurrent.Executors$RunnableAdapter.call(Executors.java:572)
at java.base/java.util.concurrent.FutureTask.run(FutureTask.java:317)
at java.base/java.util.concurrent.ScheduledThreadPoolExecutor$ScheduledFutureTask.run(ScheduledThreadPoolExecutor.java:304)
at java.base/java.util.concurrent.ThreadPoolExecutor.runWorker(ThreadPoolExecutor.java:1144)
at java.base/java.util.concurrent.ThreadPoolExecutor$Worker.run(ThreadPoolExecutor.java:642)
at java.base/java.lang.Thread.run(Thread.java:1583)
... Removed 29 stack frames]]>
    </failure>
  </testcase> <!-- @BeforeMethod driver_initialization -->
  <testcase classname="Orange_HRM.Login" name="@AfterMethod browser_teardown" time="0.0">
    <skipped/>
  </testcase> <!-- @AfterMethod browser_teardown -->
  <testcase classname="Orange_HRM.Login" name="@BeforeMethod driver_initialization" time="0.0">
    <skipped/>
  </testcase> <!-- @BeforeMethod driver_initialization -->
  <testcase classname="Orange_HRM.Login" name="@AfterMethod browser_teardown" time="0.0">
    <skipped/>
  </testcase> <!-- @AfterMethod browser_teardown -->
  <testcase classname="Orange_HRM.Login" name="login" time="0.001">
    <skipped/>
  </testcase> <!-- login -->
  <testcase classname="Orange_HRM.Login" name="login" time="0.0">
    <skipped/>
  </testcase> <!-- login -->
</testsuite> <!-- chromeTest -->
