<?xml version="1.0" encoding="UTF-8"?>
<!-- Generated by org.testng.reporters.JUnitXMLReporter -->
<testsuite ignored="0" hostname="LAPTOP-9AFG13RK" failures="1" tests="2" name="chromeTest" time="18.44" errors="0" timestamp="2026-09-13T12:31:42 IST">
  <testcase classname="Orange_HRM.Login" name="login" time="8.41"/>
  <testcase classname="Orange_HRM.Login" name="login" time="6.597">
    <failure type="java.lang.AssertionError" message="expected [true] but found [false]">
      <![CDATA[java.lang.AssertionError: expected [true] but found [false]
at Orange_HRM.Login.login(Login.java:69)
at java.base/java.util.ArrayList.forEach(ArrayList.java:1596)
... Removed 29 stack frames]]>
    </failure>
  </testcase> <!-- login -->
</testsuite> <!-- chromeTest -->
