<?xml version="1.0" encoding="UTF-8"?>
<!-- Generated by org.testng.reporters.JUnitXMLReporter -->
<testsuite ignored="0" hostname="LAPTOP-9AFG13RK" failures="0" tests="2" name="firefoxTest" time="180.071" errors="0" timestamp="2026-09-12T15:57:17 IST">
  <testcase classname="Orange_HRM.Login" name="login" time="0.0">
    <skipped/>
  </testcase> <!-- login -->
  <testcase classname="Orange_HRM.Login" name="login" time="0.0">
    <skipped/>
  </testcase> <!-- login -->
</testsuite> <!-- firefoxTest -->
