<?xml version="1.0" encoding="UTF-8"?>
<testng-results ignored="0" total="4" passed="2" failed="2" skipped="0">
  <reporter-output>
  </reporter-output>
  <suite started-at="2026-09-13T12:31:24 IST" name="Suite" finished-at="2026-09-13T12:32:15 IST" duration-ms="51252">
    <groups>
    </groups>
    <test started-at="2026-09-13T12:31:24 IST" name="chromeTest" finished-at="2026-09-13T12:31:42 IST" duration-ms="18440">
      <class name="Orange_HRM.Login">
        <test-method is-config="true" signature="driver_initialization(java.lang.String,java.lang.String)[pri:0, instance:Orange_HRM.Login@3eb25e1a]" started-at="2026-09-13T12:31:24 IST" name="driver_initialization" finished-at="2026-09-13T12:31:26 IST" duration-ms="2623" status="PASS">
          <params>
            <param index="0">
              <value>
                <![CDATA[chrome]]>
              </value>
            </param>
            <param index="1">
              <value>
                <![CDATA[linux]]>
              </value>
            </param>
          </params>
          <reporter-output>
          </reporter-output>
        </test-method> <!-- driver_initialization -->
        <test-method signature="login(java.lang.String,java.lang.String)[pri:0, instance:Orange_HRM.Login@3eb25e1a]" started-at="2026-09-13T12:31:26 IST" name="login" data-provider="login_Data" finished-at="2026-09-13T12:31:35 IST" duration-ms="8410" status="PASS">
          <params>
            <param index="0">
              <value>
                <![CDATA[Admin]]>
              </value>
            </param>
            <param index="1">
              <value>
                <![CDATA[admin123]]>
              </value>
            </param>
          </params>
          <reporter-output>
          </reporter-output>
        </test-method> <!-- login -->
        <test-method is-config="true" signature="browser_teardown()[pri:0, instance:Orange_HRM.Login@3eb25e1a]" started-at="2026-09-13T12:31:35 IST" name="browser_teardown" finished-at="2026-09-13T12:31:35 IST" duration-ms="110" status="PASS">
          <reporter-output>
          </reporter-output>
        </test-method> <!-- browser_teardown -->
        <test-method is-config="true" signature="driver_initialization(java.lang.String,java.lang.String)[pri:0, instance:Orange_HRM.Login@3eb25e1a]" started-at="2026-09-13T12:31:35 IST" name="driver_initialization" finished-at="2026-09-13T12:31:36 IST" duration-ms="561" status="PASS">
          <params>
            <param index="0">
              <value>
                <![CDATA[chrome]]>
              </value>
            </param>
            <param index="1">
              <value>
                <![CDATA[linux]]>
              </value>
            </param>
          </params>
          <reporter-output>
          </reporter-output>
        </test-method> <!-- driver_initialization -->
        <test-method signature="login(java.lang.String,java.lang.String)[pri:0, instance:Orange_HRM.Login@3eb25e1a]" started-at="2026-09-13T12:31:36 IST" name="login" data-provider="login_Data" finished-at="2026-09-13T12:31:42 IST" duration-ms="6597" status="FAIL">
          <params>
            <param index="0">
              <value>
                <![CDATA[Vaish]]>
              </value>
            </param>
            <param index="1">
              <value>
                <![CDATA[vaish123]]>
              </value>
            </param>
          </params>
          <exception class="java.lang.AssertionError">
            <message>
              <![CDATA[expected [true] but found [false]]]>
            </message>
            <full-stacktrace>
              <![CDATA[java.lang.AssertionError: expected [true] but found [false]
at org.testng.Assert.fail(Assert.java:111)
at org.testng.Assert.failNotEquals(Assert.java:1590)
at org.testng.Assert.assertTrue(Assert.java:57)
at org.testng.Assert.assertTrue(Assert.java:67)
at Orange_HRM.Login.login(Login.java:69)
at java.base/jdk.internal.reflect.DirectMethodHandleAccessor.invoke(DirectMethodHandleAccessor.java:103)
at java.base/java.lang.reflect.Method.invoke(Method.java:580)
at org.testng.internal.invokers.MethodInvocationHelper.invokeMethod(MethodInvocationHelper.java:141)
at org.testng.internal.invokers.TestInvoker.invokeMethod(TestInvoker.java:687)
at org.testng.internal.invokers.TestInvoker.invokeTestMethod(TestInvoker.java:230)
at org.testng.internal.invokers.MethodRunner.runInSequence(MethodRunner.java:63)
at org.testng.internal.invokers.TestInvoker$MethodInvocationAgent.invoke(TestInvoker.java:995)
at org.testng.internal.invokers.TestInvoker.invokeTestMethods(TestInvoker.java:203)
at org.testng.internal.invokers.TestMethodWorker.invokeTestMethods(TestMethodWorker.java:154)
at org.testng.internal.invokers.TestMethodWorker.run(TestMethodWorker.java:134)
at java.base/java.util.ArrayList.forEach(ArrayList.java:1596)
at org.testng.TestRunner.privateRun(TestRunner.java:741)
at org.testng.TestRunner.run(TestRunner.java:616)
at org.testng.SuiteRunner.runTest(SuiteRunner.java:421)
at org.testng.SuiteRunner.runSequentially(SuiteRunner.java:413)
at org.testng.SuiteRunner.privateRun(SuiteRunner.java:373)
at org.testng.SuiteRunner.run(SuiteRunner.java:312)
at org.testng.SuiteRunnerWorker.runSuite(SuiteRunnerWorker.java:52)
at org.testng.SuiteRunnerWorker.run(SuiteRunnerWorker.java:95)
at org.testng.TestNG.runSuitesSequentially(TestNG.java:1274)
at org.testng.TestNG.runSuitesLocally(TestNG.java:1208)
at org.testng.TestNG.runSuites(TestNG.java:1112)
at org.testng.TestNG.run(TestNG.java:1079)
at org.testng.remote.AbstractRemoteTestNG.run(AbstractRemoteTestNG.java:115)
at org.testng.remote.RemoteTestNG.initAndRun(RemoteTestNG.java:293)
at org.testng.remote.RemoteTestNG.main(RemoteTestNG.java:91)
]]>
            </full-stacktrace>
          </exception> <!-- java.lang.AssertionError -->
          <reporter-output>
          </reporter-output>
        </test-method> <!-- login -->
        <test-method is-config="true" signature="browser_teardown()[pri:0, instance:Orange_HRM.Login@3eb25e1a]" started-at="2026-09-13T12:31:42 IST" name="browser_teardown" finished-at="2026-09-13T12:31:42 IST" duration-ms="92" status="PASS">
          <reporter-output>
          </reporter-output>
        </test-method> <!-- browser_teardown -->
      </class> <!-- Orange_HRM.Login -->
    </test> <!-- chromeTest -->
    <test started-at="2026-09-13T12:31:42 IST" name="firefoxTest" finished-at="2026-09-13T12:32:15 IST" duration-ms="32761">
      <class name="Orange_HRM.Login">
        <test-method is-config="true" signature="driver_initialization(java.lang.String,java.lang.String)[pri:0, instance:Orange_HRM.Login@561b6512]" started-at="2026-09-13T12:31:42 IST" name="driver_initialization" finished-at="2026-09-13T12:31:46 IST" duration-ms="3266" status="PASS">
          <params>
            <param index="0">
              <value>
                <![CDATA[firefox]]>
              </value>
            </param>
            <param index="1">
              <value>
                <![CDATA[linux]]>
              </value>
            </param>
          </params>
          <reporter-output>
          </reporter-output>
        </test-method> <!-- driver_initialization -->
        <test-method signature="login(java.lang.String,java.lang.String)[pri:0, instance:Orange_HRM.Login@561b6512]" started-at="2026-09-13T12:31:46 IST" name="login" data-provider="login_Data" finished-at="2026-09-13T12:31:53 IST" duration-ms="7746" status="PASS">
          <params>
            <param index="0">
              <value>
                <![CDATA[Admin]]>
              </value>
            </param>
            <param index="1">
              <value>
                <![CDATA[admin123]]>
              </value>
            </param>
          </params>
          <reporter-output>
          </reporter-output>
        </test-method> <!-- login -->
        <test-method is-config="true" signature="browser_teardown()[pri:0, instance:Orange_HRM.Login@561b6512]" started-at="2026-09-13T12:31:53 IST" name="browser_teardown" finished-at="2026-09-13T12:31:54 IST" duration-ms="600" status="PASS">
          <reporter-output>
          </reporter-output>
        </test-method> <!-- browser_teardown -->
        <test-method is-config="true" signature="driver_initialization(java.lang.String,java.lang.String)[pri:0, instance:Orange_HRM.Login@561b6512]" started-at="2026-09-13T12:31:54 IST" name="driver_initialization" finished-at="2026-09-13T12:31:57 IST" duration-ms="2671" status="PASS">
          <params>
            <param index="0">
              <value>
                <![CDATA[firefox]]>
              </value>
            </param>
            <param index="1">
              <value>
                <![CDATA[linux]]>
              </value>
            </param>
          </params>
          <reporter-output>
          </reporter-output>
        </test-method> <!-- driver_initialization -->
        <test-method signature="login(java.lang.String,java.lang.String)[pri:0, instance:Orange_HRM.Login@561b6512]" started-at="2026-09-13T12:31:57 IST" name="login" data-provider="login_Data" finished-at="2026-09-13T12:32:14 IST" duration-ms="17886" status="FAIL">
          <params>
            <param index="0">
              <value>
                <![CDATA[Vaish]]>
              </value>
            </param>
            <param index="1">
              <value>
                <![CDATA[vaish123]]>
              </value>
            </param>
          </params>
          <exception class="java.lang.AssertionError">
            <message>
              <![CDATA[expected [true] but found [false]]]>
            </message>
            <full-stacktrace>
              <![CDATA[java.lang.AssertionError: expected [true] but found [false]
at org.testng.Assert.fail(Assert.java:111)
at org.testng.Assert.failNotEquals(Assert.java:1590)
at org.testng.Assert.assertTrue(Assert.java:57)
at org.testng.Assert.assertTrue(Assert.java:67)
at Orange_HRM.Login.login(Login.java:69)
at java.base/jdk.internal.reflect.DirectMethodHandleAccessor.invoke(DirectMethodHandleAccessor.java:103)
at java.base/java.lang.reflect.Method.invoke(Method.java:580)
at org.testng.internal.invokers.MethodInvocationHelper.invokeMethod(MethodInvocationHelper.java:141)
at org.testng.internal.invokers.TestInvoker.invokeMethod(TestInvoker.java:687)
at org.testng.internal.invokers.TestInvoker.invokeTestMethod(TestInvoker.java:230)
at org.testng.internal.invokers.MethodRunner.runInSequence(MethodRunner.java:63)
at org.testng.internal.invokers.TestInvoker$MethodInvocationAgent.invoke(TestInvoker.java:995)
at org.testng.internal.invokers.TestInvoker.invokeTestMethods(TestInvoker.java:203)
at org.testng.internal.invokers.TestMethodWorker.invokeTestMethods(TestMethodWorker.java:154)
at org.testng.internal.invokers.TestMethodWorker.run(TestMethodWorker.java:134)
at java.base/java.util.ArrayList.forEach(ArrayList.java:1596)
at org.testng.TestRunner.privateRun(TestRunner.java:741)
at org.testng.TestRunner.run(TestRunner.java:616)
at org.testng.SuiteRunner.runTest(SuiteRunner.java:421)
at org.testng.SuiteRunner.runSequentially(SuiteRunner.java:413)
at org.testng.SuiteRunner.privateRun(SuiteRunner.java:373)
at org.testng.SuiteRunner.run(SuiteRunner.java:312)
at org.testng.SuiteRunnerWorker.runSuite(SuiteRunnerWorker.java:52)
at org.testng.SuiteRunnerWorker.run(SuiteRunnerWorker.java:95)
at org.testng.TestNG.runSuitesSequentially(TestNG.java:1274)
at org.testng.TestNG.runSuitesLocally(TestNG.java:1208)
at org.testng.TestNG.runSuites(TestNG.java:1112)
at org.testng.TestNG.run(TestNG.java:1079)
at org.testng.remote.AbstractRemoteTestNG.run(AbstractRemoteTestNG.java:115)
at org.testng.remote.RemoteTestNG.initAndRun(RemoteTestNG.java:293)
at org.testng.remote.RemoteTestNG.main(RemoteTestNG.java:91)
]]>
            </full-stacktrace>
          </exception> <!-- java.lang.AssertionError -->
          <reporter-output>
          </reporter-output>
        </test-method> <!-- login -->
        <test-method is-config="true" signature="browser_teardown()[pri:0, instance:Orange_HRM.Login@561b6512]" started-at="2026-09-13T12:32:14 IST" name="browser_teardown" finished-at="2026-09-13T12:32:15 IST" duration-ms="584" status="PASS">
          <reporter-output>
          </reporter-output>
        </test-method> <!-- browser_teardown -->
      </class> <!-- Orange_HRM.Login -->
    </test> <!-- firefoxTest -->
  </suite> <!-- Suite -->
</testng-results>
